<?xml version="1.0" encoding="UTF-8" ?>
<testsuite tests="7" failures="0" name="com.hxd.test.UserServiceTest" time="0.079" errors="0" skipped="0">
  <properties>
    <property name="java.runtime.name" value="Java(TM) SE Runtime Environment"/>
    <property name="sun.boot.library.path" value="C:\Program Files\Java\jdk1.8.0_121\jre\bin"/>
    <property name="java.vm.version" value="25.121-b13"/>
    <property name="java.vm.vendor" value="Oracle Corporation"/>
    <property name="java.vendor.url" value="http://java.oracle.com/"/>
    <property name="path.separator" value=";"/>
    <property name="java.vm.name" value="Java HotSpot(TM) 64-Bit Server VM"/>
    <property name="file.encoding.pkg" value="sun.io"/>
    <property name="user.script" value=""/>
    <property name="user.country" value="US"/>
    <property name="sun.java.launcher" value="SUN_STANDARD"/>
    <property name="sun.os.patch.level" value="Service Pack 1"/>
    <property name="java.vm.specification.name" value="Java Virtual Machine Specification"/>
    <property name="user.dir" value="E:\project\ligpro\code\ligpro\ligpro-core"/>
    <property name="java.runtime.version" value="1.8.0_121-b13"/>
    <property name="java.awt.graphicsenv" value="sun.awt.Win32GraphicsEnvironment"/>
    <property name="basedir" value="E:\project\ligpro\code\ligpro\ligpro-core"/>
    <property name="java.endorsed.dirs" value="C:\Program Files\Java\jdk1.8.0_121\jre\lib\endorsed"/>
    <property name="os.arch" value="amd64"/>
    <property name="surefire.real.class.path" value="C:\Users\SkyT-007\AppData\Local\Temp\surefirebooter4311377441675417229.jar"/>
    <property name="java.io.tmpdir" value="C:\Users\SkyT-007\AppData\Local\Temp\"/>
    <property name="line.separator" value="
"/>
    <property name="java.vm.specification.vendor" value="Oracle Corporation"/>
    <property name="user.variant" value=""/>
    <property name="os.name" value="Windows 7"/>
    <property name="sun.jnu.encoding" value="GBK"/>
    <property name="java.library.path" value="C:\Program Files\Java\jdk1.8.0_121\jre\bin;C:\Windows\Sun\Java\bin;C:\Windows\system32;C:\Windows;C:\ProgramData\Oracle\Java\javapath;C:\Program Files (x86)\Intel\iCLS Client\;C:\Program Files\Intel\iCLS Client\;C:\Windows\system32;C:\Windows;C:\Windows\System32\Wbem;C:\Windows\System32\WindowsPowerShell\v1.0\;C:\Program Files\Intel\WiFi\bin\;C:\Program Files\Common Files\Intel\WirelessCommon\;C:\Program Files\Lenovo\Fingerprint Manager Pro\;C:\Program Files\Intel\Intel(R) Management Engine Components\DAL;C:\Program Files (x86)\Intel\Intel(R) Management Engine Components\DAL;C:\Program Files\Intel\Intel(R) Management Engine Components\IPT;C:\Program Files (x86)\Intel\Intel(R) Management Engine Components\IPT;D:\softwareInstall\Git\cmd;C:\Program Files\Java\jdk1.8.0_121;C:\Program Files\Java\jre1.8.0_121;D:\dev-tools\java\apache-maven-3.3.9\bin;C:\Program Files\Intel\WiFi\bin\;C:\Program Files\Common Files\Intel\WirelessCommon\;."/>
    <property name="surefire.test.class.path" value="E:\project\ligpro\code\ligpro\ligpro-core\target\test-classes;E:\project\ligpro\code\ligpro\ligpro-core\target\classes;D:\dev-tools\java\apache-maven-3.3.9\repo\net\coobird\thumbnailator\0.4.8\thumbnailator-0.4.8.jar;D:\dev-tools\java\apache-maven-3.3.9\repo\org\apache\sanselan\sanselan\0.97-incubator\sanselan-0.97-incubator.jar;D:\dev-tools\java\apache-maven-3.3.9\repo\org\aspectj\aspectjrt\1.8.5\aspectjrt-1.8.5.jar;D:\dev-tools\java\apache-maven-3.3.9\repo\org\aspectj\aspectjweaver\1.8.5\aspectjweaver-1.8.5.jar;D:\dev-tools\java\apache-maven-3.3.9\repo\cglib\cglib\3.1\cglib-3.1.jar;D:\dev-tools\java\apache-maven-3.3.9\repo\org\ow2\asm\asm\4.2\asm-4.2.jar;D:\dev-tools\java\apache-maven-3.3.9\repo\javax\mail\mail\1.4.7\mail-1.4.7.jar;D:\dev-tools\java\apache-maven-3.3.9\repo\javax\activation\activation\1.1\activation-1.1.jar;D:\dev-tools\java\apache-maven-3.3.9\repo\eu\bitwalker\UserAgentUtils\1.15\UserAgentUtils-1.15.jar;D:\dev-tools\java\apache-maven-3.3.9\repo\mysql\mysql-connector-java\5.1.35\mysql-connector-java-5.1.35.jar;D:\dev-tools\java\apache-maven-3.3.9\repo\com\alibaba\druid\1.0.13\druid-1.0.13.jar;C:\Program Files\Java\jdk1.8.0_121\jre\..\lib\jconsole.jar;C:\Program Files\Java\jdk1.8.0_121\jre\..\lib\tools.jar;D:\dev-tools\java\apache-maven-3.3.9\repo\org\springframework\spring-core\3.1.2.RELEASE\spring-core-3.1.2.RELEASE.jar;D:\dev-tools\java\apache-maven-3.3.9\repo\org\springframework\spring-asm\3.1.2.RELEASE\spring-asm-3.1.2.RELEASE.jar;D:\dev-tools\java\apache-maven-3.3.9\repo\org\springframework\spring-beans\3.1.2.RELEASE\spring-beans-3.1.2.RELEASE.jar;D:\dev-tools\java\apache-maven-3.3.9\repo\org\springframework\spring-context\3.1.2.RELEASE\spring-context-3.1.2.RELEASE.jar;D:\dev-tools\java\apache-maven-3.3.9\repo\org\springframework\spring-aop\3.1.2.RELEASE\spring-aop-3.1.2.RELEASE.jar;D:\dev-tools\java\apache-maven-3.3.9\repo\org\springframework\spring-expression\3.1.2.RELEASE\spring-expression-3.1.2.RELEASE.jar;D:\dev-tools\java\apache-maven-3.3.9\repo\org\springframework\spring-tx\3.1.2.RELEASE\spring-tx-3.1.2.RELEASE.jar;D:\dev-tools\java\apache-maven-3.3.9\repo\aopalliance\aopalliance\1.0\aopalliance-1.0.jar;D:\dev-tools\java\apache-maven-3.3.9\repo\org\springframework\spring-web\3.1.2.RELEASE\spring-web-3.1.2.RELEASE.jar;D:\dev-tools\java\apache-maven-3.3.9\repo\org\springframework\spring-webmvc\3.1.2.RELEASE\spring-webmvc-3.1.2.RELEASE.jar;D:\dev-tools\java\apache-maven-3.3.9\repo\org\springframework\spring-context-support\3.1.2.RELEASE\spring-context-support-3.1.2.RELEASE.jar;D:\dev-tools\java\apache-maven-3.3.9\repo\org\springframework\spring-jdbc\3.1.2.RELEASE\spring-jdbc-3.1.2.RELEASE.jar;D:\dev-tools\java\apache-maven-3.3.9\repo\org\springframework\spring-test\3.1.2.RELEASE\spring-test-3.1.2.RELEASE.jar;D:\dev-tools\java\apache-maven-3.3.9\repo\org\mybatis\mybatis\3.0.6\mybatis-3.0.6.jar;D:\dev-tools\java\apache-maven-3.3.9\repo\org\mybatis\mybatis-spring\1.0.2\mybatis-spring-1.0.2.jar;D:\dev-tools\java\apache-maven-3.3.9\repo\org\mybatis\generator\mybatis-generator-core\1.3.2\mybatis-generator-core-1.3.2.jar;D:\dev-tools\java\apache-maven-3.3.9\repo\org\apache\shiro\shiro-core\1.2.3\shiro-core-1.2.3.jar;D:\dev-tools\java\apache-maven-3.3.9\repo\commons-beanutils\commons-beanutils\1.8.3\commons-beanutils-1.8.3.jar;D:\dev-tools\java\apache-maven-3.3.9\repo\org\apache\shiro\shiro-spring\1.2.3\shiro-spring-1.2.3.jar;D:\dev-tools\java\apache-maven-3.3.9\repo\org\apache\shiro\shiro-web\1.2.3\shiro-web-1.2.3.jar;D:\dev-tools\java\apache-maven-3.3.9\repo\org\apache\shiro\shiro-ehcache\1.2.3\shiro-ehcache-1.2.3.jar;D:\dev-tools\java\apache-maven-3.3.9\repo\net\sf\ehcache\ehcache-core\2.5.0\ehcache-core-2.5.0.jar;D:\dev-tools\java\apache-maven-3.3.9\repo\org\codehaus\jackson\jackson-core-asl\1.9.13\jackson-core-asl-1.9.13.jar;D:\dev-tools\java\apache-maven-3.3.9\repo\org\codehaus\jackson\jackson-mapper-asl\1.9.13\jackson-mapper-asl-1.9.13.jar;D:\dev-tools\java\apache-maven-3.3.9\repo\org\codehaus\jackson\jackson-mapper-lgpl\1.9.13\jackson-mapper-lgpl-1.9.13.jar;D:\dev-tools\java\apache-maven-3.3.9\repo\org\codehaus\jackson\jackson-core-lgpl\1.9.13\jackson-core-lgpl-1.9.13.jar;D:\dev-tools\java\apache-maven-3.3.9\repo\com\alibaba\fastjson\1.2.5\fastjson-1.2.5.jar;D:\dev-tools\java\apache-maven-3.3.9\repo\javax\servlet\servlet-api\2.5\servlet-api-2.5.jar;D:\dev-tools\java\apache-maven-3.3.9\repo\javax\servlet\jsp\jsp-api\2.1\jsp-api-2.1.jar;D:\dev-tools\java\apache-maven-3.3.9\repo\javax\servlet\jstl\1.2\jstl-1.2.jar;D:\dev-tools\java\apache-maven-3.3.9\repo\taglibs\standard\1.1.2\standard-1.1.2.jar;D:\dev-tools\java\apache-maven-3.3.9\repo\org\apache\commons\commons-lang3\3.3.2\commons-lang3-3.3.2.jar;D:\dev-tools\java\apache-maven-3.3.9\repo\commons-codec\commons-codec\1.10\commons-codec-1.10.jar;D:\dev-tools\java\apache-maven-3.3.9\repo\commons-io\commons-io\2.4\commons-io-2.4.jar;D:\dev-tools\java\apache-maven-3.3.9\repo\commons-fileupload\commons-fileupload\1.3.1\commons-fileupload-1.3.1.jar;D:\dev-tools\java\apache-maven-3.3.9\repo\org\freemarker\freemarker\2.3.22\freemarker-2.3.22.jar;D:\dev-tools\java\apache-maven-3.3.9\repo\opensymphony\sitemesh\2.4.2\sitemesh-2.4.2.jar;D:\dev-tools\java\apache-maven-3.3.9\repo\junit\junit\4.12\junit-4.12.jar;D:\dev-tools\java\apache-maven-3.3.9\repo\org\hamcrest\hamcrest-core\1.3\hamcrest-core-1.3.jar;D:\dev-tools\java\apache-maven-3.3.9\repo\commons-logging\commons-logging\1.2\commons-logging-1.2.jar;D:\dev-tools\java\apache-maven-3.3.9\repo\org\slf4j\slf4j-api\1.7.12\slf4j-api-1.7.12.jar;D:\dev-tools\java\apache-maven-3.3.9\repo\org\slf4j\slf4j-log4j12\1.7.12\slf4j-log4j12-1.7.12.jar;D:\dev-tools\java\apache-maven-3.3.9\repo\log4j\log4j\1.2.17\log4j-1.2.17.jar;D:\dev-tools\java\apache-maven-3.3.9\repo\com\belerweb\pinyin4j\2.5.0\pinyin4j-2.5.0.jar;"/>
    <property name="java.specification.name" value="Java Platform API Specification"/>
    <property name="java.class.version" value="52.0"/>
    <property name="sun.management.compiler" value="HotSpot 64-Bit Tiered Compilers"/>
    <property name="os.version" value="6.1"/>
    <property name="user.home" value="C:\Users\SkyT-007"/>
    <property name="user.timezone" value="Asia/Shanghai"/>
    <property name="java.awt.printerjob" value="sun.awt.windows.WPrinterJob"/>
    <property name="java.specification.version" value="1.8"/>
    <property name="file.encoding" value="GBK"/>
    <property name="user.name" value="SkyT-007"/>
    <property name="java.class.path" value="E:\project\ligpro\code\ligpro\ligpro-core\target\test-classes;E:\project\ligpro\code\ligpro\ligpro-core\target\classes;D:\dev-tools\java\apache-maven-3.3.9\repo\net\coobird\thumbnailator\0.4.8\thumbnailator-0.4.8.jar;D:\dev-tools\java\apache-maven-3.3.9\repo\org\apache\sanselan\sanselan\0.97-incubator\sanselan-0.97-incubator.jar;D:\dev-tools\java\apache-maven-3.3.9\repo\org\aspectj\aspectjrt\1.8.5\aspectjrt-1.8.5.jar;D:\dev-tools\java\apache-maven-3.3.9\repo\org\aspectj\aspectjweaver\1.8.5\aspectjweaver-1.8.5.jar;D:\dev-tools\java\apache-maven-3.3.9\repo\cglib\cglib\3.1\cglib-3.1.jar;D:\dev-tools\java\apache-maven-3.3.9\repo\org\ow2\asm\asm\4.2\asm-4.2.jar;D:\dev-tools\java\apache-maven-3.3.9\repo\javax\mail\mail\1.4.7\mail-1.4.7.jar;D:\dev-tools\java\apache-maven-3.3.9\repo\javax\activation\activation\1.1\activation-1.1.jar;D:\dev-tools\java\apache-maven-3.3.9\repo\eu\bitwalker\UserAgentUtils\1.15\UserAgentUtils-1.15.jar;D:\dev-tools\java\apache-maven-3.3.9\repo\mysql\mysql-connector-java\5.1.35\mysql-connector-java-5.1.35.jar;D:\dev-tools\java\apache-maven-3.3.9\repo\com\alibaba\druid\1.0.13\druid-1.0.13.jar;C:\Program Files\Java\jdk1.8.0_121\jre\..\lib\jconsole.jar;C:\Program Files\Java\jdk1.8.0_121\jre\..\lib\tools.jar;D:\dev-tools\java\apache-maven-3.3.9\repo\org\springframework\spring-core\3.1.2.RELEASE\spring-core-3.1.2.RELEASE.jar;D:\dev-tools\java\apache-maven-3.3.9\repo\org\springframework\spring-asm\3.1.2.RELEASE\spring-asm-3.1.2.RELEASE.jar;D:\dev-tools\java\apache-maven-3.3.9\repo\org\springframework\spring-beans\3.1.2.RELEASE\spring-beans-3.1.2.RELEASE.jar;D:\dev-tools\java\apache-maven-3.3.9\repo\org\springframework\spring-context\3.1.2.RELEASE\spring-context-3.1.2.RELEASE.jar;D:\dev-tools\java\apache-maven-3.3.9\repo\org\springframework\spring-aop\3.1.2.RELEASE\spring-aop-3.1.2.RELEASE.jar;D:\dev-tools\java\apache-maven-3.3.9\repo\org\springframework\spring-expression\3.1.2.RELEASE\spring-expression-3.1.2.RELEASE.jar;D:\dev-tools\java\apache-maven-3.3.9\repo\org\springframework\spring-tx\3.1.2.RELEASE\spring-tx-3.1.2.RELEASE.jar;D:\dev-tools\java\apache-maven-3.3.9\repo\aopalliance\aopalliance\1.0\aopalliance-1.0.jar;D:\dev-tools\java\apache-maven-3.3.9\repo\org\springframework\spring-web\3.1.2.RELEASE\spring-web-3.1.2.RELEASE.jar;D:\dev-tools\java\apache-maven-3.3.9\repo\org\springframework\spring-webmvc\3.1.2.RELEASE\spring-webmvc-3.1.2.RELEASE.jar;D:\dev-tools\java\apache-maven-3.3.9\repo\org\springframework\spring-context-support\3.1.2.RELEASE\spring-context-support-3.1.2.RELEASE.jar;D:\dev-tools\java\apache-maven-3.3.9\repo\org\springframework\spring-jdbc\3.1.2.RELEASE\spring-jdbc-3.1.2.RELEASE.jar;D:\dev-tools\java\apache-maven-3.3.9\repo\org\springframework\spring-test\3.1.2.RELEASE\spring-test-3.1.2.RELEASE.jar;D:\dev-tools\java\apache-maven-3.3.9\repo\org\mybatis\mybatis\3.0.6\mybatis-3.0.6.jar;D:\dev-tools\java\apache-maven-3.3.9\repo\org\mybatis\mybatis-spring\1.0.2\mybatis-spring-1.0.2.jar;D:\dev-tools\java\apache-maven-3.3.9\repo\org\mybatis\generator\mybatis-generator-core\1.3.2\mybatis-generator-core-1.3.2.jar;D:\dev-tools\java\apache-maven-3.3.9\repo\org\apache\shiro\shiro-core\1.2.3\shiro-core-1.2.3.jar;D:\dev-tools\java\apache-maven-3.3.9\repo\commons-beanutils\commons-beanutils\1.8.3\commons-beanutils-1.8.3.jar;D:\dev-tools\java\apache-maven-3.3.9\repo\org\apache\shiro\shiro-spring\1.2.3\shiro-spring-1.2.3.jar;D:\dev-tools\java\apache-maven-3.3.9\repo\org\apache\shiro\shiro-web\1.2.3\shiro-web-1.2.3.jar;D:\dev-tools\java\apache-maven-3.3.9\repo\org\apache\shiro\shiro-ehcache\1.2.3\shiro-ehcache-1.2.3.jar;D:\dev-tools\java\apache-maven-3.3.9\repo\net\sf\ehcache\ehcache-core\2.5.0\ehcache-core-2.5.0.jar;D:\dev-tools\java\apache-maven-3.3.9\repo\org\codehaus\jackson\jackson-core-asl\1.9.13\jackson-core-asl-1.9.13.jar;D:\dev-tools\java\apache-maven-3.3.9\repo\org\codehaus\jackson\jackson-mapper-asl\1.9.13\jackson-mapper-asl-1.9.13.jar;D:\dev-tools\java\apache-maven-3.3.9\repo\org\codehaus\jackson\jackson-mapper-lgpl\1.9.13\jackson-mapper-lgpl-1.9.13.jar;D:\dev-tools\java\apache-maven-3.3.9\repo\org\codehaus\jackson\jackson-core-lgpl\1.9.13\jackson-core-lgpl-1.9.13.jar;D:\dev-tools\java\apache-maven-3.3.9\repo\com\alibaba\fastjson\1.2.5\fastjson-1.2.5.jar;D:\dev-tools\java\apache-maven-3.3.9\repo\javax\servlet\servlet-api\2.5\servlet-api-2.5.jar;D:\dev-tools\java\apache-maven-3.3.9\repo\javax\servlet\jsp\jsp-api\2.1\jsp-api-2.1.jar;D:\dev-tools\java\apache-maven-3.3.9\repo\javax\servlet\jstl\1.2\jstl-1.2.jar;D:\dev-tools\java\apache-maven-3.3.9\repo\taglibs\standard\1.1.2\standard-1.1.2.jar;D:\dev-tools\java\apache-maven-3.3.9\repo\org\apache\commons\commons-lang3\3.3.2\commons-lang3-3.3.2.jar;D:\dev-tools\java\apache-maven-3.3.9\repo\commons-codec\commons-codec\1.10\commons-codec-1.10.jar;D:\dev-tools\java\apache-maven-3.3.9\repo\commons-io\commons-io\2.4\commons-io-2.4.jar;D:\dev-tools\java\apache-maven-3.3.9\repo\commons-fileupload\commons-fileupload\1.3.1\commons-fileupload-1.3.1.jar;D:\dev-tools\java\apache-maven-3.3.9\repo\org\freemarker\freemarker\2.3.22\freemarker-2.3.22.jar;D:\dev-tools\java\apache-maven-3.3.9\repo\opensymphony\sitemesh\2.4.2\sitemesh-2.4.2.jar;D:\dev-tools\java\apache-maven-3.3.9\repo\junit\junit\4.12\junit-4.12.jar;D:\dev-tools\java\apache-maven-3.3.9\repo\org\hamcrest\hamcrest-core\1.3\hamcrest-core-1.3.jar;D:\dev-tools\java\apache-maven-3.3.9\repo\commons-logging\commons-logging\1.2\commons-logging-1.2.jar;D:\dev-tools\java\apache-maven-3.3.9\repo\org\slf4j\slf4j-api\1.7.12\slf4j-api-1.7.12.jar;D:\dev-tools\java\apache-maven-3.3.9\repo\org\slf4j\slf4j-log4j12\1.7.12\slf4j-log4j12-1.7.12.jar;D:\dev-tools\java\apache-maven-3.3.9\repo\log4j\log4j\1.2.17\log4j-1.2.17.jar;D:\dev-tools\java\apache-maven-3.3.9\repo\com\belerweb\pinyin4j\2.5.0\pinyin4j-2.5.0.jar;"/>
    <property name="java.vm.specification.version" value="1.8"/>
    <property name="sun.arch.data.model" value="64"/>
    <property name="java.home" value="C:\Program Files\Java\jdk1.8.0_121\jre"/>
    <property name="sun.java.command" value="C:\Users\SkyT-007\AppData\Local\Temp\surefirebooter4311377441675417229.jar C:\Users\SkyT-007\AppData\Local\Temp\surefire119563614979287178tmp C:\Users\SkyT-007\AppData\Local\Temp\surefire374486121223310360tmp"/>
    <property name="java.specification.vendor" value="Oracle Corporation"/>
    <property name="user.language" value="en"/>
    <property name="awt.toolkit" value="sun.awt.windows.WToolkit"/>
    <property name="java.vm.info" value="mixed mode"/>
    <property name="java.version" value="1.8.0_121"/>
    <property name="java.ext.dirs" value="C:\Program Files\Java\jdk1.8.0_121\jre\lib\ext;C:\Windows\Sun\Java\lib\ext"/>
    <property name="sun.boot.class.path" value="C:\Program Files\Java\jdk1.8.0_121\jre\lib\resources.jar;C:\Program Files\Java\jdk1.8.0_121\jre\lib\rt.jar;C:\Program Files\Java\jdk1.8.0_121\jre\lib\sunrsasign.jar;C:\Program Files\Java\jdk1.8.0_121\jre\lib\jsse.jar;C:\Program Files\Java\jdk1.8.0_121\jre\lib\jce.jar;C:\Program Files\Java\jdk1.8.0_121\jre\lib\charsets.jar;C:\Program Files\Java\jdk1.8.0_121\jre\lib\jfr.jar;C:\Program Files\Java\jdk1.8.0_121\jre\classes"/>
    <property name="java.vendor" value="Oracle Corporation"/>
    <property name="localRepository" value="D:\dev-tools\java\apache-maven-3.3.9\repo"/>
    <property name="file.separator" value="\"/>
    <property name="java.vendor.url.bug" value="http://bugreport.sun.com/bugreport/"/>
    <property name="sun.cpu.endian" value="little"/>
    <property name="sun.io.unicode.encoding" value="UnicodeLittle"/>
    <property name="sun.desktop" value="windows"/>
    <property name="sun.cpu.isalist" value="amd64"/>
  </properties>
  <testcase classname="com.hxd.test.UserServiceTest" name="testQueryPage" time="0.016"/>
  <testcase classname="com.hxd.test.UserServiceTest" name="testQueryCount" time="0.016"/>
  <testcase classname="com.hxd.test.UserServiceTest" name="testInsertSelective" time="0"/>
  <testcase classname="com.hxd.test.UserServiceTest" name="testDelete" time="0"/>
  <testcase classname="com.hxd.test.UserServiceTest" name="testInsert" time="0.031"/>
  <testcase classname="com.hxd.test.UserServiceTest" name="testSelect" time="0"/>
  <testcase classname="com.hxd.test.UserServiceTest" name="testUpdate" time="0"/>
</testsuite>